<?xml version="1.0" encoding="UTF-8"?>
<!-- Generated by org.testng.reporters.JUnitXMLReporter -->
<testsuite ignored="6" hostname="DESKTOP-VB7AA88" failures="0" tests="3" name="groupingdemo" time="0.134" errors="0" timestamp="2023-04-12T06:43:32 IST">
  <testcase classname="day37.GroupingDemo" name="facebooklogin" time="0.026"/>
  <testcase classname="day37.GroupingDemo" name="twitterlogin" time="0.002"/>
  <testcase classname="day37.GroupingDemo" name="paymentinD" time="0.002"/>
  <testcase classname="day37.GroupingDemo" name="emailsignup" time="0.0">
    <ignored/>
  </testcase> <!-- emailsignup -->
  <testcase classname="day37.GroupingDemo" name="returnbyBank" time="0.0">
    <ignored/>
  </testcase> <!-- returnbyBank -->
  <testcase classname="day37.GroupingDemo" name="facebooksignup" time="0.0">
    <ignored/>
  </testcase> <!-- facebooksignup -->
  <testcase classname="day37.GroupingDemo" name="twitersignup" time="0.0">
    <ignored/>
  </testcase> <!-- twitersignup -->
  <testcase classname="day37.GroupingDemo" name="paymentinR" time="0.0">
    <ignored/>
  </testcase> <!-- paymentinR -->
  <testcase classname="day37.GroupingDemo" name="Emaillogin" time="0.0">
    <ignored/>
  </testcase> <!-- Emaillogin -->
</testsuite> <!-- groupingdemo -->
