<?xml version="1.0" encoding="UTF-8"?>
<!-- Generated by org.testng.reporters.JUnitXMLReporter -->
<testsuite ignored="0" hostname="DESKTOP-VB7AA88" failures="0" tests="4" name="Test2" time="0.018" errors="0" timestamp="2023-04-09T08:48:07 IST">
  <testcase classname="day36.pack1.DB1" name="insert" time="0.001"/>
  <testcase classname="day36.pack1.DB1" name="update" time="0.002"/>
  <testcase classname="day36.pack1.DB2" name="select" time="0.002"/>
  <testcase classname="day36.pack1.DB2" name="delete" time="0.002"/>
</testsuite> <!-- Test2 -->
